Analysis & Synthesis report for Registros
Mon Jul 14 01:22:40 2025
Quartus II 64-Bit Version 13.1.0 Build 162 10/23/2013 SJ Web Edition


---------------------
; Table of Contents ;
---------------------
  1. Legal Notice
  2. Analysis & Synthesis Summary
  3. Analysis & Synthesis Settings
  4. Parallel Compilation
  5. Analysis & Synthesis Source Files Read
  6. Analysis & Synthesis Resource Usage Summary
  7. Analysis & Synthesis Resource Utilization by Entity
  8. General Register Statistics
  9. Elapsed Time Per Partition
 10. Analysis & Synthesis Messages



----------------
; Legal Notice ;
----------------
Copyright (C) 1991-2013 Altera Corporation
Your use of Altera Corporation's design tools, logic functions 
and other software and tools, and its AMPP partner logic 
functions, and any output files from any of the foregoing 
(including device programming or simulation files), and any 
associated documentation or information are expressly subject 
to the terms and conditions of the Altera Program License 
Subscription Agreement, Altera MegaCore Function License 
Agreement, or other applicable license agreement, including, 
without limitation, that your use is for the sole purpose of 
programming logic devices manufactured by Altera and sold by 
Altera or its authorized distributors.  Please refer to the 
applicable agreement for further details.



+---------------------------------------------------------------------------------+
; Analysis & Synthesis Summary                                                    ;
+------------------------------------+--------------------------------------------+
; Analysis & Synthesis Status        ; Successful - Mon Jul 14 01:22:39 2025      ;
; Quartus II 64-Bit Version          ; 13.1.0 Build 162 10/23/2013 SJ Web Edition ;
; Revision Name                      ; Registros                                  ;
; Top-level Entity Name              ; PruebaPrincipal2                           ;
; Family                             ; Cyclone IV GX                              ;
; Total logic elements               ; 122                                        ;
;     Total combinational functions  ; 98                                         ;
;     Dedicated logic registers      ; 37                                         ;
; Total registers                    ; 37                                         ;
; Total pins                         ; 25                                         ;
; Total virtual pins                 ; 0                                          ;
; Total memory bits                  ; 0                                          ;
; Embedded Multiplier 9-bit elements ; 0                                          ;
; Total GXB Receiver Channel PCS     ; 0                                          ;
; Total GXB Receiver Channel PMA     ; 0                                          ;
; Total GXB Transmitter Channel PCS  ; 0                                          ;
; Total GXB Transmitter Channel PMA  ; 0                                          ;
; Total PLLs                         ; 0                                          ;
+------------------------------------+--------------------------------------------+


+----------------------------------------------------------------------------------------------------------------------+
; Analysis & Synthesis Settings                                                                                        ;
+----------------------------------------------------------------------------+--------------------+--------------------+
; Option                                                                     ; Setting            ; Default Value      ;
+----------------------------------------------------------------------------+--------------------+--------------------+
; Top-level entity name                                                      ; PruebaPrincipal2   ; Registros          ;
; Family name                                                                ; Cyclone IV GX      ; Cyclone IV GX      ;
; Use smart compilation                                                      ; Off                ; Off                ;
; Enable parallel Assembler and TimeQuest Timing Analyzer during compilation ; On                 ; On                 ;
; Enable compact report table                                                ; Off                ; Off                ;
; Restructure Multiplexers                                                   ; Auto               ; Auto               ;
; Create Debugging Nodes for IP Cores                                        ; Off                ; Off                ;
; Preserve fewer node names                                                  ; On                 ; On                 ;
; Disable OpenCore Plus hardware evaluation                                  ; Off                ; Off                ;
; Verilog Version                                                            ; Verilog_2001       ; Verilog_2001       ;
; VHDL Version                                                               ; VHDL_1993          ; VHDL_1993          ;
; State Machine Processing                                                   ; Auto               ; Auto               ;
; Safe State Machine                                                         ; Off                ; Off                ;
; Extract Verilog State Machines                                             ; On                 ; On                 ;
; Extract VHDL State Machines                                                ; On                 ; On                 ;
; Ignore Verilog initial constructs                                          ; Off                ; Off                ;
; Iteration limit for constant Verilog loops                                 ; 5000               ; 5000               ;
; Iteration limit for non-constant Verilog loops                             ; 250                ; 250                ;
; Add Pass-Through Logic to Inferred RAMs                                    ; On                 ; On                 ;
; Infer RAMs from Raw Logic                                                  ; On                 ; On                 ;
; Parallel Synthesis                                                         ; On                 ; On                 ;
; DSP Block Balancing                                                        ; Auto               ; Auto               ;
; NOT Gate Push-Back                                                         ; On                 ; On                 ;
; Power-Up Don't Care                                                        ; On                 ; On                 ;
; Remove Redundant Logic Cells                                               ; Off                ; Off                ;
; Remove Duplicate Registers                                                 ; On                 ; On                 ;
; Ignore CARRY Buffers                                                       ; Off                ; Off                ;
; Ignore CASCADE Buffers                                                     ; Off                ; Off                ;
; Ignore GLOBAL Buffers                                                      ; Off                ; Off                ;
; Ignore ROW GLOBAL Buffers                                                  ; Off                ; Off                ;
; Ignore LCELL Buffers                                                       ; Off                ; Off                ;
; Ignore SOFT Buffers                                                        ; On                 ; On                 ;
; Limit AHDL Integers to 32 Bits                                             ; Off                ; Off                ;
; Optimization Technique                                                     ; Balanced           ; Balanced           ;
; Carry Chain Length                                                         ; 70                 ; 70                 ;
; Auto Carry Chains                                                          ; On                 ; On                 ;
; Auto Open-Drain Pins                                                       ; On                 ; On                 ;
; Perform WYSIWYG Primitive Resynthesis                                      ; Off                ; Off                ;
; Auto ROM Replacement                                                       ; On                 ; On                 ;
; Auto RAM Replacement                                                       ; On                 ; On                 ;
; Auto DSP Block Replacement                                                 ; On                 ; On                 ;
; Auto Shift Register Replacement                                            ; Auto               ; Auto               ;
; Allow Shift Register Merging across Hierarchies                            ; Auto               ; Auto               ;
; Auto Clock Enable Replacement                                              ; On                 ; On                 ;
; Strict RAM Replacement                                                     ; Off                ; Off                ;
; Allow Synchronous Control Signals                                          ; On                 ; On                 ;
; Force Use of Synchronous Clear Signals                                     ; Off                ; Off                ;
; Auto RAM Block Balancing                                                   ; On                 ; On                 ;
; Auto RAM to Logic Cell Conversion                                          ; Off                ; Off                ;
; Auto Resource Sharing                                                      ; Off                ; Off                ;
; Allow Any RAM Size For Recognition                                         ; Off                ; Off                ;
; Allow Any ROM Size For Recognition                                         ; Off                ; Off                ;
; Allow Any Shift Register Size For Recognition                              ; Off                ; Off                ;
; Use LogicLock Constraints during Resource Balancing                        ; On                 ; On                 ;
; Ignore translate_off and synthesis_off directives                          ; Off                ; Off                ;
; Timing-Driven Synthesis                                                    ; On                 ; On                 ;
; Report Parameter Settings                                                  ; On                 ; On                 ;
; Report Source Assignments                                                  ; On                 ; On                 ;
; Report Connectivity Checks                                                 ; On                 ; On                 ;
; Ignore Maximum Fan-Out Assignments                                         ; Off                ; Off                ;
; Synchronization Register Chain Length                                      ; 2                  ; 2                  ;
; PowerPlay Power Optimization                                               ; Normal compilation ; Normal compilation ;
; HDL message level                                                          ; Level2             ; Level2             ;
; Suppress Register Optimization Related Messages                            ; Off                ; Off                ;
; Number of Removed Registers Reported in Synthesis Report                   ; 5000               ; 5000               ;
; Number of Swept Nodes Reported in Synthesis Report                         ; 5000               ; 5000               ;
; Number of Inverted Registers Reported in Synthesis Report                  ; 100                ; 100                ;
; Clock MUX Protection                                                       ; On                 ; On                 ;
; Auto Gated Clock Conversion                                                ; Off                ; Off                ;
; Block Design Naming                                                        ; Auto               ; Auto               ;
; SDC constraint protection                                                  ; Off                ; Off                ;
; Synthesis Effort                                                           ; Auto               ; Auto               ;
; Shift Register Replacement - Allow Asynchronous Clear Signal               ; On                 ; On                 ;
; Pre-Mapping Resynthesis Optimization                                       ; Off                ; Off                ;
; Analysis & Synthesis Message Level                                         ; Medium             ; Medium             ;
; Disable Register Merging Across Hierarchies                                ; Auto               ; Auto               ;
; Resource Aware Inference For Block RAM                                     ; On                 ; On                 ;
; Synthesis Seed                                                             ; 1                  ; 1                  ;
+----------------------------------------------------------------------------+--------------------+--------------------+


Parallel compilation was disabled, but you have multiple processors available. Enable parallel compilation to reduce compilation time.
+-------------------------------------+
; Parallel Compilation                ;
+----------------------------+--------+
; Processors                 ; Number ;
+----------------------------+--------+
; Number detected on machine ; 4      ;
; Maximum allowed            ; 1      ;
+----------------------------+--------+


+-----------------------------------------------------------------------------------------------------------------------------------------------------------------------+
; Analysis & Synthesis Source Files Read                                                                                                                                ;
+----------------------------------+-----------------+------------------------------------+-------------------------------------------------------------------+---------+
; File Name with User-Entered Path ; Used in Netlist ; File Type                          ; File Name with Absolute Path                                      ; Library ;
+----------------------------------+-----------------+------------------------------------+-------------------------------------------------------------------+---------+
; ParteComparador.bdf              ; yes             ; User Block Diagram/Schematic File  ; C:/Users/Blas/Desktop/integrador2/integrador/ParteComparador.bdf  ;         ;
; Comparador.bdf                   ; yes             ; User Block Diagram/Schematic File  ; C:/Users/Blas/Desktop/integrador2/integrador/Comparador.bdf       ;         ;
; AnalizadorCorte.bdf              ; yes             ; User Block Diagram/Schematic File  ; C:/Users/Blas/Desktop/integrador2/integrador/AnalizadorCorte.bdf  ;         ;
; SumRes.bdf                       ; yes             ; User Block Diagram/Schematic File  ; C:/Users/Blas/Desktop/integrador2/integrador/SumRes.bdf           ;         ;
; Sumador.bdf                      ; yes             ; User Block Diagram/Schematic File  ; C:/Users/Blas/Desktop/integrador2/integrador/Sumador.bdf          ;         ;
; BloqueSuma.bdf                   ; yes             ; User Block Diagram/Schematic File  ; C:/Users/Blas/Desktop/integrador2/integrador/BloqueSuma.bdf       ;         ;
; Registro12.bdf                   ; yes             ; User Block Diagram/Schematic File  ; C:/Users/Blas/Desktop/integrador2/integrador/Registro12.bdf       ;         ;
; CeldaMemoria.bdf                 ; yes             ; User Block Diagram/Schematic File  ; C:/Users/Blas/Desktop/integrador2/integrador/CeldaMemoria.bdf     ;         ;
; K_Pausa.bdf                      ; yes             ; User Block Diagram/Schematic File  ; C:/Users/Blas/Desktop/integrador2/integrador/K_Pausa.bdf          ;         ;
; Tri12.bdf                        ; yes             ; User Block Diagram/Schematic File  ; C:/Users/Blas/Desktop/integrador2/integrador/Tri12.bdf            ;         ;
; PruebaPrincipal2.bdf             ; yes             ; User Block Diagram/Schematic File  ; C:/Users/Blas/Desktop/integrador2/integrador/PruebaPrincipal2.bdf ;         ;
+----------------------------------+-----------------+------------------------------------+-------------------------------------------------------------------+---------+


+---------------------------------------------+
; Analysis & Synthesis Resource Usage Summary ;
+--------------------------+------------------+
; Resource                 ; Usage            ;
+--------------------------+------------------+
; I/O pins                 ; 25               ;
; DSP block 9-bit elements ; 0                ;
; Maximum fan-out node     ; UD~input         ;
; Maximum fan-out          ; 39               ;
; Total fan-out            ; 526              ;
; Average fan-out          ; 2.67             ;
+--------------------------+------------------+


+---------------------------------------------------------------------------------------------------------------------------------------------------------------------------------------------------------------------------------------+
; Analysis & Synthesis Resource Utilization by Entity                                                                                                                                                                                   ;
+-------------------------------+-------------------+--------------+-------------+--------------+---------+-----------+-----------+------+--------------+----------------------------------------------------------------+--------------+
; Compilation Hierarchy Node    ; LC Combinationals ; LC Registers ; Memory Bits ; DSP Elements ; DSP 9x9 ; DSP 18x18 ; DSP 36x36 ; Pins ; Virtual Pins ; Full Hierarchy Name                                            ; Library Name ;
+-------------------------------+-------------------+--------------+-------------+--------------+---------+-----------+-----------+------+--------------+----------------------------------------------------------------+--------------+
; |PruebaPrincipal2             ; 98 (15)           ; 37 (0)       ; 0           ; 0            ; 0       ; 0         ; 0         ; 25   ; 0            ; |PruebaPrincipal2                                              ; work         ;
;    |AnalizadorCorte:inst22|   ; 9 (9)             ; 1 (1)        ; 0           ; 0            ; 0       ; 0         ; 0         ; 0    ; 0            ; |PruebaPrincipal2|AnalizadorCorte:inst22                       ; work         ;
;    |Comparador:inst20|        ; 14 (0)            ; 0 (0)        ; 0           ; 0            ; 0       ; 0         ; 0         ; 0    ; 0            ; |PruebaPrincipal2|Comparador:inst20                            ; work         ;
;       |ParteComparador:inst6| ; 14 (14)           ; 0 (0)        ; 0           ; 0            ; 0       ; 0         ; 0         ; 0    ; 0            ; |PruebaPrincipal2|Comparador:inst20|ParteComparador:inst6      ; work         ;
;    |K_Pausa:inst10|           ; 1 (1)             ; 0 (0)        ; 0           ; 0            ; 0       ; 0         ; 0         ; 0    ; 0            ; |PruebaPrincipal2|K_Pausa:inst10                               ; work         ;
;    |Registro12:REG_A|         ; 0 (0)             ; 12 (0)       ; 0           ; 0            ; 0       ; 0         ; 0         ; 0    ; 0            ; |PruebaPrincipal2|Registro12:REG_A                             ; work         ;
;       |CeldaMemoria:B0|       ; 0 (0)             ; 1 (1)        ; 0           ; 0            ; 0       ; 0         ; 0         ; 0    ; 0            ; |PruebaPrincipal2|Registro12:REG_A|CeldaMemoria:B0             ; work         ;
;       |CeldaMemoria:B10|      ; 0 (0)             ; 1 (1)        ; 0           ; 0            ; 0       ; 0         ; 0         ; 0    ; 0            ; |PruebaPrincipal2|Registro12:REG_A|CeldaMemoria:B10            ; work         ;
;       |CeldaMemoria:B11|      ; 0 (0)             ; 1 (1)        ; 0           ; 0            ; 0       ; 0         ; 0         ; 0    ; 0            ; |PruebaPrincipal2|Registro12:REG_A|CeldaMemoria:B11            ; work         ;
;       |CeldaMemoria:B1|       ; 0 (0)             ; 1 (1)        ; 0           ; 0            ; 0       ; 0         ; 0         ; 0    ; 0            ; |PruebaPrincipal2|Registro12:REG_A|CeldaMemoria:B1             ; work         ;
;       |CeldaMemoria:B2|       ; 0 (0)             ; 1 (1)        ; 0           ; 0            ; 0       ; 0         ; 0         ; 0    ; 0            ; |PruebaPrincipal2|Registro12:REG_A|CeldaMemoria:B2             ; work         ;
;       |CeldaMemoria:B3|       ; 0 (0)             ; 1 (1)        ; 0           ; 0            ; 0       ; 0         ; 0         ; 0    ; 0            ; |PruebaPrincipal2|Registro12:REG_A|CeldaMemoria:B3             ; work         ;
;       |CeldaMemoria:B4|       ; 0 (0)             ; 1 (1)        ; 0           ; 0            ; 0       ; 0         ; 0         ; 0    ; 0            ; |PruebaPrincipal2|Registro12:REG_A|CeldaMemoria:B4             ; work         ;
;       |CeldaMemoria:B5|       ; 0 (0)             ; 1 (1)        ; 0           ; 0            ; 0       ; 0         ; 0         ; 0    ; 0            ; |PruebaPrincipal2|Registro12:REG_A|CeldaMemoria:B5             ; work         ;
;       |CeldaMemoria:B6|       ; 0 (0)             ; 1 (1)        ; 0           ; 0            ; 0       ; 0         ; 0         ; 0    ; 0            ; |PruebaPrincipal2|Registro12:REG_A|CeldaMemoria:B6             ; work         ;
;       |CeldaMemoria:B7|       ; 0 (0)             ; 1 (1)        ; 0           ; 0            ; 0       ; 0         ; 0         ; 0    ; 0            ; |PruebaPrincipal2|Registro12:REG_A|CeldaMemoria:B7             ; work         ;
;       |CeldaMemoria:B8|       ; 0 (0)             ; 1 (1)        ; 0           ; 0            ; 0       ; 0         ; 0         ; 0    ; 0            ; |PruebaPrincipal2|Registro12:REG_A|CeldaMemoria:B8             ; work         ;
;       |CeldaMemoria:B9|       ; 0 (0)             ; 1 (1)        ; 0           ; 0            ; 0       ; 0         ; 0         ; 0    ; 0            ; |PruebaPrincipal2|Registro12:REG_A|CeldaMemoria:B9             ; work         ;
;    |Registro12:REG_FINAL|     ; 0 (0)             ; 12 (0)       ; 0           ; 0            ; 0       ; 0         ; 0         ; 0    ; 0            ; |PruebaPrincipal2|Registro12:REG_FINAL                         ; work         ;
;       |CeldaMemoria:B0|       ; 0 (0)             ; 1 (1)        ; 0           ; 0            ; 0       ; 0         ; 0         ; 0    ; 0            ; |PruebaPrincipal2|Registro12:REG_FINAL|CeldaMemoria:B0         ; work         ;
;       |CeldaMemoria:B10|      ; 0 (0)             ; 1 (1)        ; 0           ; 0            ; 0       ; 0         ; 0         ; 0    ; 0            ; |PruebaPrincipal2|Registro12:REG_FINAL|CeldaMemoria:B10        ; work         ;
;       |CeldaMemoria:B11|      ; 0 (0)             ; 1 (1)        ; 0           ; 0            ; 0       ; 0         ; 0         ; 0    ; 0            ; |PruebaPrincipal2|Registro12:REG_FINAL|CeldaMemoria:B11        ; work         ;
;       |CeldaMemoria:B1|       ; 0 (0)             ; 1 (1)        ; 0           ; 0            ; 0       ; 0         ; 0         ; 0    ; 0            ; |PruebaPrincipal2|Registro12:REG_FINAL|CeldaMemoria:B1         ; work         ;
;       |CeldaMemoria:B2|       ; 0 (0)             ; 1 (1)        ; 0           ; 0            ; 0       ; 0         ; 0         ; 0    ; 0            ; |PruebaPrincipal2|Registro12:REG_FINAL|CeldaMemoria:B2         ; work         ;
;       |CeldaMemoria:B3|       ; 0 (0)             ; 1 (1)        ; 0           ; 0            ; 0       ; 0         ; 0         ; 0    ; 0            ; |PruebaPrincipal2|Registro12:REG_FINAL|CeldaMemoria:B3         ; work         ;
;       |CeldaMemoria:B4|       ; 0 (0)             ; 1 (1)        ; 0           ; 0            ; 0       ; 0         ; 0         ; 0    ; 0            ; |PruebaPrincipal2|Registro12:REG_FINAL|CeldaMemoria:B4         ; work         ;
;       |CeldaMemoria:B5|       ; 0 (0)             ; 1 (1)        ; 0           ; 0            ; 0       ; 0         ; 0         ; 0    ; 0            ; |PruebaPrincipal2|Registro12:REG_FINAL|CeldaMemoria:B5         ; work         ;
;       |CeldaMemoria:B6|       ; 0 (0)             ; 1 (1)        ; 0           ; 0            ; 0       ; 0         ; 0         ; 0    ; 0            ; |PruebaPrincipal2|Registro12:REG_FINAL|CeldaMemoria:B6         ; work         ;
;       |CeldaMemoria:B7|       ; 0 (0)             ; 1 (1)        ; 0           ; 0            ; 0       ; 0         ; 0         ; 0    ; 0            ; |PruebaPrincipal2|Registro12:REG_FINAL|CeldaMemoria:B7         ; work         ;
;       |CeldaMemoria:B8|       ; 0 (0)             ; 1 (1)        ; 0           ; 0            ; 0       ; 0         ; 0         ; 0    ; 0            ; |PruebaPrincipal2|Registro12:REG_FINAL|CeldaMemoria:B8         ; work         ;
;       |CeldaMemoria:B9|       ; 0 (0)             ; 1 (1)        ; 0           ; 0            ; 0       ; 0         ; 0         ; 0    ; 0            ; |PruebaPrincipal2|Registro12:REG_FINAL|CeldaMemoria:B9         ; work         ;
;    |Registro12:REG_INICIAL|   ; 25 (0)            ; 12 (0)       ; 0           ; 0            ; 0       ; 0         ; 0         ; 0    ; 0            ; |PruebaPrincipal2|Registro12:REG_INICIAL                       ; work         ;
;       |CeldaMemoria:B0|       ; 2 (2)             ; 1 (1)        ; 0           ; 0            ; 0       ; 0         ; 0         ; 0    ; 0            ; |PruebaPrincipal2|Registro12:REG_INICIAL|CeldaMemoria:B0       ; work         ;
;       |CeldaMemoria:B10|      ; 2 (2)             ; 1 (1)        ; 0           ; 0            ; 0       ; 0         ; 0         ; 0    ; 0            ; |PruebaPrincipal2|Registro12:REG_INICIAL|CeldaMemoria:B10      ; work         ;
;       |CeldaMemoria:B11|      ; 3 (3)             ; 1 (1)        ; 0           ; 0            ; 0       ; 0         ; 0         ; 0    ; 0            ; |PruebaPrincipal2|Registro12:REG_INICIAL|CeldaMemoria:B11      ; work         ;
;       |CeldaMemoria:B1|       ; 2 (2)             ; 1 (1)        ; 0           ; 0            ; 0       ; 0         ; 0         ; 0    ; 0            ; |PruebaPrincipal2|Registro12:REG_INICIAL|CeldaMemoria:B1       ; work         ;
;       |CeldaMemoria:B2|       ; 2 (2)             ; 1 (1)        ; 0           ; 0            ; 0       ; 0         ; 0         ; 0    ; 0            ; |PruebaPrincipal2|Registro12:REG_INICIAL|CeldaMemoria:B2       ; work         ;
;       |CeldaMemoria:B3|       ; 2 (2)             ; 1 (1)        ; 0           ; 0            ; 0       ; 0         ; 0         ; 0    ; 0            ; |PruebaPrincipal2|Registro12:REG_INICIAL|CeldaMemoria:B3       ; work         ;
;       |CeldaMemoria:B4|       ; 2 (2)             ; 1 (1)        ; 0           ; 0            ; 0       ; 0         ; 0         ; 0    ; 0            ; |PruebaPrincipal2|Registro12:REG_INICIAL|CeldaMemoria:B4       ; work         ;
;       |CeldaMemoria:B5|       ; 2 (2)             ; 1 (1)        ; 0           ; 0            ; 0       ; 0         ; 0         ; 0    ; 0            ; |PruebaPrincipal2|Registro12:REG_INICIAL|CeldaMemoria:B5       ; work         ;
;       |CeldaMemoria:B6|       ; 2 (2)             ; 1 (1)        ; 0           ; 0            ; 0       ; 0         ; 0         ; 0    ; 0            ; |PruebaPrincipal2|Registro12:REG_INICIAL|CeldaMemoria:B6       ; work         ;
;       |CeldaMemoria:B7|       ; 2 (2)             ; 1 (1)        ; 0           ; 0            ; 0       ; 0         ; 0         ; 0    ; 0            ; |PruebaPrincipal2|Registro12:REG_INICIAL|CeldaMemoria:B7       ; work         ;
;       |CeldaMemoria:B8|       ; 2 (2)             ; 1 (1)        ; 0           ; 0            ; 0       ; 0         ; 0         ; 0    ; 0            ; |PruebaPrincipal2|Registro12:REG_INICIAL|CeldaMemoria:B8       ; work         ;
;       |CeldaMemoria:B9|       ; 2 (2)             ; 1 (1)        ; 0           ; 0            ; 0       ; 0         ; 0         ; 0    ; 0            ; |PruebaPrincipal2|Registro12:REG_INICIAL|CeldaMemoria:B9       ; work         ;
;    |SumRes:inst18|            ; 34 (0)            ; 0 (0)        ; 0           ; 0            ; 0       ; 0         ; 0         ; 0    ; 0            ; |PruebaPrincipal2|SumRes:inst18                                ; work         ;
;       |Sumador:inst|          ; 34 (0)            ; 0 (0)        ; 0           ; 0            ; 0       ; 0         ; 0         ; 0    ; 0            ; |PruebaPrincipal2|SumRes:inst18|Sumador:inst                   ; work         ;
;          |BloqueSuma:inst43|  ; 9 (9)             ; 0 (0)        ; 0           ; 0            ; 0       ; 0         ; 0         ; 0    ; 0            ; |PruebaPrincipal2|SumRes:inst18|Sumador:inst|BloqueSuma:inst43 ; work         ;
;          |BloqueSuma:inst44|  ; 9 (9)             ; 0 (0)        ; 0           ; 0            ; 0       ; 0         ; 0         ; 0    ; 0            ; |PruebaPrincipal2|SumRes:inst18|Sumador:inst|BloqueSuma:inst44 ; work         ;
;          |BloqueSuma:inst|    ; 16 (16)           ; 0 (0)        ; 0           ; 0            ; 0       ; 0         ; 0         ; 0    ; 0            ; |PruebaPrincipal2|SumRes:inst18|Sumador:inst|BloqueSuma:inst   ; work         ;
+-------------------------------+-------------------+--------------+-------------+--------------+---------+-----------+-----------+------+--------------+----------------------------------------------------------------+--------------+
Note: For table entries with two numbers listed, the numbers in parentheses indicate the number of resources of the given type used by the specific entity alone. The numbers listed outside of parentheses indicate the total resources of the given type used by the specific entity and all of its sub-entities in the hierarchy.


+------------------------------------------------------+
; General Register Statistics                          ;
+----------------------------------------------+-------+
; Statistic                                    ; Value ;
+----------------------------------------------+-------+
; Total registers                              ; 37    ;
; Number of registers using Synchronous Clear  ; 0     ;
; Number of registers using Synchronous Load   ; 0     ;
; Number of registers using Asynchronous Clear ; 1     ;
; Number of registers using Asynchronous Load  ; 0     ;
; Number of registers using Clock Enable       ; 36    ;
; Number of registers using Preset             ; 0     ;
+----------------------------------------------+-------+


+-------------------------------+
; Elapsed Time Per Partition    ;
+----------------+--------------+
; Partition Name ; Elapsed Time ;
+----------------+--------------+
; Top            ; 00:00:01     ;
+----------------+--------------+


+-------------------------------+
; Analysis & Synthesis Messages ;
+-------------------------------+
Info: *******************************************************************
Info: Running Quartus II 64-Bit Analysis & Synthesis
    Info: Version 13.1.0 Build 162 10/23/2013 SJ Web Edition
    Info: Processing started: Mon Jul 14 01:22:36 2025
Info: Command: quartus_map --read_settings_files=on --write_settings_files=off Registros -c Registros
Warning (20028): Parallel compilation is not licensed and has been disabled
Info (12021): Found 1 design units, including 1 entities, in source file partecomparador.bdf
    Info (12023): Found entity 1: ParteComparador
Info (12021): Found 1 design units, including 1 entities, in source file comparador.bdf
    Info (12023): Found entity 1: Comparador
Info (12021): Found 1 design units, including 1 entities, in source file analizadorcorte.bdf
    Info (12023): Found entity 1: AnalizadorCorte
Info (12021): Found 1 design units, including 1 entities, in source file sumres.bdf
    Info (12023): Found entity 1: SumRes
Info (12021): Found 1 design units, including 1 entities, in source file sumador.bdf
    Info (12023): Found entity 1: Sumador
Info (12021): Found 1 design units, including 1 entities, in source file bloquesuma.bdf
    Info (12023): Found entity 1: BloqueSuma
Info (12021): Found 1 design units, including 1 entities, in source file registro12.bdf
    Info (12023): Found entity 1: Registro12
Info (12021): Found 1 design units, including 1 entities, in source file celdamemoria.bdf
    Info (12023): Found entity 1: CeldaMemoria
Warning (12019): Can't analyze file -- file Registros.bdf is missing
Info (12021): Found 1 design units, including 1 entities, in source file pruebaprincipal.bdf
    Info (12023): Found entity 1: PruebaPrincipal
Info (12021): Found 1 design units, including 1 entities, in source file k_pausa.bdf
    Info (12023): Found entity 1: K_Pausa
Info (12021): Found 1 design units, including 1 entities, in source file tri12.bdf
    Info (12023): Found entity 1: Tri12
Info (12021): Found 1 design units, including 1 entities, in source file pruebaprincipal2.bdf
    Info (12023): Found entity 1: PruebaPrincipal2
Info (12127): Elaborating entity "PruebaPrincipal2" for the top level hierarchy
Info (12128): Elaborating entity "K_Pausa" for hierarchy "K_Pausa:inst10"
Info (12128): Elaborating entity "AnalizadorCorte" for hierarchy "AnalizadorCorte:inst22"
Warning (275008): Primitive "NOT" of instance "inst10" not used
Warning (275008): Primitive "NOT" of instance "inst9" not used
Info (12128): Elaborating entity "Comparador" for hierarchy "Comparador:inst20"
Info (12128): Elaborating entity "ParteComparador" for hierarchy "Comparador:inst20|ParteComparador:inst8"
Info (12128): Elaborating entity "Registro12" for hierarchy "Registro12:REG_FINAL"
Info (12128): Elaborating entity "CeldaMemoria" for hierarchy "Registro12:REG_FINAL|CeldaMemoria:B11"
Info (12128): Elaborating entity "SumRes" for hierarchy "SumRes:inst18"
Info (12128): Elaborating entity "Sumador" for hierarchy "SumRes:inst18|Sumador:inst"
Info (12128): Elaborating entity "BloqueSuma" for hierarchy "SumRes:inst18|Sumador:inst|BloqueSuma:inst44"
Info (12128): Elaborating entity "Tri12" for hierarchy "Tri12:inst12"
Warning (13046): Tri-state node(s) do not directly drive top-level pin(s)
    Warning (13049): Converted tri-state buffer "Registro12:REG_FINAL|CeldaMemoria:B0|TRI" feeding internal logic into a wire
    Warning (13049): Converted tri-state buffer "Registro12:REG_FINAL|CeldaMemoria:B1|TRI" feeding internal logic into a wire
    Warning (13049): Converted tri-state buffer "Registro12:REG_FINAL|CeldaMemoria:B2|TRI" feeding internal logic into a wire
    Warning (13049): Converted tri-state buffer "Registro12:REG_FINAL|CeldaMemoria:B3|TRI" feeding internal logic into a wire
    Warning (13049): Converted tri-state buffer "Registro12:REG_FINAL|CeldaMemoria:B4|TRI" feeding internal logic into a wire
    Warning (13049): Converted tri-state buffer "Registro12:REG_FINAL|CeldaMemoria:B5|TRI" feeding internal logic into a wire
    Warning (13049): Converted tri-state buffer "Registro12:REG_FINAL|CeldaMemoria:B6|TRI" feeding internal logic into a wire
    Warning (13049): Converted tri-state buffer "Registro12:REG_FINAL|CeldaMemoria:B7|TRI" feeding internal logic into a wire
    Warning (13049): Converted tri-state buffer "Registro12:REG_FINAL|CeldaMemoria:B8|TRI" feeding internal logic into a wire
    Warning (13049): Converted tri-state buffer "Registro12:REG_FINAL|CeldaMemoria:B9|TRI" feeding internal logic into a wire
    Warning (13049): Converted tri-state buffer "Registro12:REG_FINAL|CeldaMemoria:B10|TRI" feeding internal logic into a wire
    Warning (13049): Converted tri-state buffer "Registro12:REG_FINAL|CeldaMemoria:B11|TRI" feeding internal logic into a wire
Warning (13046): Tri-state node(s) do not directly drive top-level pin(s)
    Warning (13047): Converted the fan-out from the tri-state buffer "Registro12:REG_INICIAL|CeldaMemoria:B11|TRI" to the node "Registro12:REG_A|CeldaMemoria:B11|BIT" into an OR gate
    Warning (13047): Converted the fan-out from the tri-state buffer "Registro12:REG_INICIAL|CeldaMemoria:B10|TRI" to the node "Registro12:REG_A|CeldaMemoria:B10|BIT" into an OR gate
    Warning (13047): Converted the fan-out from the tri-state buffer "Registro12:REG_INICIAL|CeldaMemoria:B9|TRI" to the node "Registro12:REG_A|CeldaMemoria:B9|BIT" into an OR gate
    Warning (13047): Converted the fan-out from the tri-state buffer "Registro12:REG_INICIAL|CeldaMemoria:B8|TRI" to the node "Registro12:REG_A|CeldaMemoria:B8|BIT" into an OR gate
    Warning (13047): Converted the fan-out from the tri-state buffer "Registro12:REG_INICIAL|CeldaMemoria:B7|TRI" to the node "Registro12:REG_A|CeldaMemoria:B7|BIT" into an OR gate
    Warning (13047): Converted the fan-out from the tri-state buffer "Registro12:REG_INICIAL|CeldaMemoria:B6|TRI" to the node "Registro12:REG_A|CeldaMemoria:B6|BIT" into an OR gate
    Warning (13047): Converted the fan-out from the tri-state buffer "Registro12:REG_INICIAL|CeldaMemoria:B5|TRI" to the node "Registro12:REG_A|CeldaMemoria:B5|BIT" into an OR gate
    Warning (13047): Converted the fan-out from the tri-state buffer "Registro12:REG_INICIAL|CeldaMemoria:B4|TRI" to the node "Registro12:REG_A|CeldaMemoria:B4|BIT" into an OR gate
    Warning (13047): Converted the fan-out from the tri-state buffer "Registro12:REG_INICIAL|CeldaMemoria:B3|TRI" to the node "Registro12:REG_A|CeldaMemoria:B3|BIT" into an OR gate
    Warning (13047): Converted the fan-out from the tri-state buffer "Registro12:REG_INICIAL|CeldaMemoria:B2|TRI" to the node "Registro12:REG_A|CeldaMemoria:B2|BIT" into an OR gate
    Warning (13047): Converted the fan-out from the tri-state buffer "Registro12:REG_INICIAL|CeldaMemoria:B0|TRI" to the node "Registro12:REG_A|CeldaMemoria:B0|BIT" into an OR gate
    Warning (13047): Converted the fan-out from the tri-state buffer "Registro12:REG_INICIAL|CeldaMemoria:B1|TRI" to the node "Registro12:REG_A|CeldaMemoria:B1|BIT" into an OR gate
Info (286030): Timing-Driven Synthesis is running
Info (16010): Generating hard_block partition "hard_block:auto_generated_inst"
    Info (16011): Adding 0 node(s), including 0 DDIO, 0 PLL, 0 transceiver and 0 LCELL
Info (21057): Implemented 148 device resources after synthesis - the final resource count might be different
    Info (21058): Implemented 10 input pins
    Info (21059): Implemented 3 output pins
    Info (21060): Implemented 12 bidirectional pins
    Info (21061): Implemented 123 logic cells
Info: Quartus II 64-Bit Analysis & Synthesis was successful. 0 errors, 30 warnings
    Info: Peak virtual memory: 4672 megabytes
    Info: Processing ended: Mon Jul 14 01:22:40 2025
    Info: Elapsed time: 00:00:04
    Info: Total CPU time (on all processors): 00:00:03


