Flow report for Registros
Mon Jul 14 02:04:12 2025
Quartus II 64-Bit Version 13.1.0 Build 162 10/23/2013 SJ Web Edition


---------------------
; Table of Contents ;
---------------------
  1. Legal Notice
  2. Flow Summary
  3. Flow Settings
  4. Flow Non-Default Global Settings
  5. Flow Elapsed Time
  6. Flow OS Summary
  7. Flow Log
  8. Flow Messages
  9. Flow Suppressed Messages



----------------
; Legal Notice ;
----------------
Copyright (C) 1991-2013 Altera Corporation
Your use of Altera Corporation's design tools, logic functions 
and other software and tools, and its AMPP partner logic 
functions, and any output files from any of the foregoing 
(including device programming or simulation files), and any 
associated documentation or information are expressly subject 
to the terms and conditions of the Altera Program License 
Subscription Agreement, Altera MegaCore Function License 
Agreement, or other applicable license agreement, including, 
without limitation, that your use is for the sole purpose of 
programming logic devices manufactured by Altera and sold by 
Altera or its authorized distributors.  Please refer to the 
applicable agreement for further details.



+---------------------------------------------------------------------------------+
; Flow Summary                                                                    ;
+------------------------------------+--------------------------------------------+
; Flow Status                        ; Successful - Mon Jul 14 02:04:12 2025      ;
; Quartus II 64-Bit Version          ; 13.1.0 Build 162 10/23/2013 SJ Web Edition ;
; Revision Name                      ; Registros                                  ;
; Top-level Entity Name              ; PruebaPrincipal2                           ;
; Family                             ; Cyclone IV GX                              ;
; Total logic elements               ; 98 / 14,400 ( < 1 % )                      ;
;     Total combinational functions  ; 98 / 14,400 ( < 1 % )                      ;
;     Dedicated logic registers      ; 37 / 14,400 ( < 1 % )                      ;
; Total registers                    ; 37                                         ;
; Total pins                         ; 25 / 81 ( 31 % )                           ;
; Total virtual pins                 ; 0                                          ;
; Total memory bits                  ; 0 / 552,960 ( 0 % )                        ;
; Embedded Multiplier 9-bit elements ; 0                                          ;
; Total GXB Receiver Channel PCS     ; 0 / 2 ( 0 % )                              ;
; Total GXB Receiver Channel PMA     ; 0 / 2 ( 0 % )                              ;
; Total GXB Transmitter Channel PCS  ; 0 / 2 ( 0 % )                              ;
; Total GXB Transmitter Channel PMA  ; 0 / 2 ( 0 % )                              ;
; Total PLLs                         ; 0 / 3 ( 0 % )                              ;
; Device                             ; EP4CGX15BF14C6                             ;
; Timing Models                      ; Final                                      ;
+------------------------------------+--------------------------------------------+


+-----------------------------------------+
; Flow Settings                           ;
+-------------------+---------------------+
; Option            ; Setting             ;
+-------------------+---------------------+
; Start date & time ; 07/14/2025 01:22:37 ;
; Main task         ; Compilation         ;
; Revision Name     ; Registros           ;
+-------------------+---------------------+


+---------------------------------------------------------------------------------------------------------------------------------------------------------+
; Flow Non-Default Global Settings                                                                                                                        ;
+-------------------------------------+---------------------------------------------------------------+---------------+------------------+----------------+
; Assignment Name                     ; Value                                                         ; Default Value ; Entity Name      ; Section Id     ;
+-------------------------------------+---------------------------------------------------------------+---------------+------------------+----------------+
; COMPILER_SIGNATURE_ID               ; 123719801117225.175246695707156                               ; --            ; --               ; --             ;
; EDA_GENERATE_FUNCTIONAL_NETLIST     ; On                                                            ; --            ; --               ; eda_simulation ;
; EDA_NETLIST_WRITER_OUTPUT_DIR       ; C:/Users/Blas/Desktop/integrador2/integrador/simulation/qsim/ ; --            ; --               ; eda_simulation ;
; EDA_OUTPUT_DATA_FORMAT              ; Verilog Hdl                                                   ; --            ; --               ; eda_simulation ;
; EDA_SIMULATION_TOOL                 ; ModelSim-Altera (Verilog)                                     ; <None>        ; --               ; --             ;
; EDA_TIME_SCALE                      ; 1 ps                                                          ; --            ; --               ; eda_simulation ;
; PARTITION_COLOR                     ; 16764057                                                      ; --            ; PruebaPrincipal2 ; Top            ;
; PARTITION_FITTER_PRESERVATION_LEVEL ; PLACEMENT_AND_ROUTING                                         ; --            ; PruebaPrincipal2 ; Top            ;
; PARTITION_NETLIST_TYPE              ; SOURCE                                                        ; --            ; PruebaPrincipal2 ; Top            ;
; PROJECT_OUTPUT_DIRECTORY            ; output_files                                                  ; --            ; --               ; --             ;
; TOP_LEVEL_ENTITY                    ; PruebaPrincipal2                                              ; Registros     ; --               ; --             ;
+-------------------------------------+---------------------------------------------------------------+---------------+------------------+----------------+


+-------------------------------------------------------------------------------------------------------------------------------+
; Flow Elapsed Time                                                                                                             ;
+---------------------------+--------------+-------------------------+---------------------+------------------------------------+
; Module Name               ; Elapsed Time ; Average Processors Used ; Peak Virtual Memory ; Total CPU Time (on all processors) ;
+---------------------------+--------------+-------------------------+---------------------+------------------------------------+
; Analysis & Synthesis      ; 00:00:03     ; 1.0                     ; 4661 MB             ; 00:00:03                           ;
; Fitter                    ; 00:00:10     ; 1.0                     ; 5039 MB             ; 00:00:09                           ;
; Assembler                 ; 00:00:02     ; 1.0                     ; 4635 MB             ; 00:00:02                           ;
; TimeQuest Timing Analyzer ; 00:00:04     ; 1.0                     ; 4645 MB             ; 00:00:03                           ;
; EDA Netlist Writer        ; 00:00:01     ; 1.0                     ; 4577 MB             ; 00:00:01                           ;
; EDA Netlist Writer        ; 00:00:01     ; 1.0                     ; 4588 MB             ; 00:00:01                           ;
; EDA Netlist Writer        ; 00:00:02     ; 1.0                     ; 4588 MB             ; 00:00:01                           ;
; EDA Netlist Writer        ; 00:00:02     ; 1.0                     ; 4588 MB             ; 00:00:01                           ;
; EDA Netlist Writer        ; 00:00:01     ; 1.0                     ; 4588 MB             ; 00:00:01                           ;
; EDA Netlist Writer        ; 00:00:01     ; 1.0                     ; 4588 MB             ; 00:00:01                           ;
; EDA Netlist Writer        ; 00:00:01     ; 1.0                     ; 4588 MB             ; 00:00:01                           ;
; EDA Netlist Writer        ; 00:00:01     ; 1.0                     ; 4588 MB             ; 00:00:01                           ;
; EDA Netlist Writer        ; 00:00:01     ; 1.0                     ; 4588 MB             ; 00:00:01                           ;
; EDA Netlist Writer        ; 00:00:01     ; 1.0                     ; 4588 MB             ; 00:00:01                           ;
; EDA Netlist Writer        ; 00:00:01     ; 1.0                     ; 4588 MB             ; 00:00:01                           ;
; EDA Netlist Writer        ; 00:00:01     ; 1.0                     ; 4588 MB             ; 00:00:01                           ;
; EDA Netlist Writer        ; 00:00:01     ; 1.0                     ; 4588 MB             ; 00:00:01                           ;
; EDA Netlist Writer        ; 00:00:01     ; 1.0                     ; 4588 MB             ; 00:00:01                           ;
; EDA Netlist Writer        ; 00:00:01     ; 1.0                     ; 4588 MB             ; 00:00:01                           ;
; EDA Netlist Writer        ; 00:00:01     ; 1.0                     ; 4588 MB             ; 00:00:01                           ;
; EDA Netlist Writer        ; 00:00:01     ; 1.0                     ; 4588 MB             ; 00:00:01                           ;
; EDA Netlist Writer        ; 00:00:00     ; 1.0                     ; 4588 MB             ; 00:00:01                           ;
; EDA Netlist Writer        ; 00:00:01     ; 1.0                     ; 4588 MB             ; 00:00:01                           ;
; EDA Netlist Writer        ; 00:00:01     ; 1.0                     ; 4589 MB             ; 00:00:01                           ;
; EDA Netlist Writer        ; 00:00:01     ; 1.0                     ; 4604 MB             ; 00:00:01                           ;
; Total                     ; 00:00:41     ; --                      ; --                  ; 00:00:38                           ;
+---------------------------+--------------+-------------------------+---------------------+------------------------------------+


+----------------------------------------------------------------------------------------+
; Flow OS Summary                                                                        ;
+---------------------------+------------------+-----------+------------+----------------+
; Module Name               ; Machine Hostname ; OS Name   ; OS Version ; Processor type ;
+---------------------------+------------------+-----------+------------+----------------+
; Analysis & Synthesis      ; DESKTOP-IKCNNIC  ; Windows 7 ; 6.2        ; x86_64         ;
; Fitter                    ; DESKTOP-IKCNNIC  ; Windows 7 ; 6.2        ; x86_64         ;
; Assembler                 ; DESKTOP-IKCNNIC  ; Windows 7 ; 6.2        ; x86_64         ;
; TimeQuest Timing Analyzer ; DESKTOP-IKCNNIC  ; Windows 7 ; 6.2        ; x86_64         ;
; EDA Netlist Writer        ; DESKTOP-IKCNNIC  ; Windows 7 ; 6.2        ; x86_64         ;
; EDA Netlist Writer        ; DESKTOP-IKCNNIC  ; Windows 7 ; 6.2        ; x86_64         ;
; EDA Netlist Writer        ; DESKTOP-IKCNNIC  ; Windows 7 ; 6.2        ; x86_64         ;
; EDA Netlist Writer        ; DESKTOP-IKCNNIC  ; Windows 7 ; 6.2        ; x86_64         ;
; EDA Netlist Writer        ; DESKTOP-IKCNNIC  ; Windows 7 ; 6.2        ; x86_64         ;
; EDA Netlist Writer        ; DESKTOP-IKCNNIC  ; Windows 7 ; 6.2        ; x86_64         ;
; EDA Netlist Writer        ; DESKTOP-IKCNNIC  ; Windows 7 ; 6.2        ; x86_64         ;
; EDA Netlist Writer        ; DESKTOP-IKCNNIC  ; Windows 7 ; 6.2        ; x86_64         ;
; EDA Netlist Writer        ; DESKTOP-IKCNNIC  ; Windows 7 ; 6.2        ; x86_64         ;
; EDA Netlist Writer        ; DESKTOP-IKCNNIC  ; Windows 7 ; 6.2        ; x86_64         ;
; EDA Netlist Writer        ; DESKTOP-IKCNNIC  ; Windows 7 ; 6.2        ; x86_64         ;
; EDA Netlist Writer        ; DESKTOP-IKCNNIC  ; Windows 7 ; 6.2        ; x86_64         ;
; EDA Netlist Writer        ; DESKTOP-IKCNNIC  ; Windows 7 ; 6.2        ; x86_64         ;
; EDA Netlist Writer        ; DESKTOP-IKCNNIC  ; Windows 7 ; 6.2        ; x86_64         ;
; EDA Netlist Writer        ; DESKTOP-IKCNNIC  ; Windows 7 ; 6.2        ; x86_64         ;
; EDA Netlist Writer        ; DESKTOP-IKCNNIC  ; Windows 7 ; 6.2        ; x86_64         ;
; EDA Netlist Writer        ; DESKTOP-IKCNNIC  ; Windows 7 ; 6.2        ; x86_64         ;
; EDA Netlist Writer        ; DESKTOP-IKCNNIC  ; Windows 7 ; 6.2        ; x86_64         ;
; EDA Netlist Writer        ; DESKTOP-IKCNNIC  ; Windows 7 ; 6.2        ; x86_64         ;
; EDA Netlist Writer        ; DESKTOP-IKCNNIC  ; Windows 7 ; 6.2        ; x86_64         ;
; EDA Netlist Writer        ; DESKTOP-IKCNNIC  ; Windows 7 ; 6.2        ; x86_64         ;
+---------------------------+------------------+-----------+------------+----------------+


------------
; Flow Log ;
------------
quartus_map --read_settings_files=on --write_settings_files=off Registros -c Registros
quartus_fit --read_settings_files=off --write_settings_files=off Registros -c Registros
quartus_asm --read_settings_files=off --write_settings_files=off Registros -c Registros
quartus_sta Registros -c Registros
quartus_eda --read_settings_files=off --write_settings_files=off Registros -c Registros
quartus_eda --gen_testbench --check_outputs=on --tool=modelsim_oem --format=verilog Registros -c Registros --vector_source=C:/Users/Blas/Desktop/integrador2/integrador/Waveform43.vwf --testbench_file=C:/Users/Blas/Desktop/integrador2/integrador/simulation/qsim/Waveform43.vwf.vt
quartus_eda --functional=on --flatten_buses=off --simulation=on --tool=modelsim_oem --format=verilog --output_directory=C:/Users/Blas/Desktop/integrador2/integrador/simulation/qsim/ Registros -c Registros
quartus_eda --gen_testbench --check_outputs=on --tool=modelsim_oem --format=verilog Registros -c Registros --vector_source=C:/Users/Blas/Desktop/integrador2/integrador/Waveform43.vwf --testbench_file=C:/Users/Blas/Desktop/integrador2/integrador/simulation/qsim/Waveform43.vwf.vt
quartus_eda --functional=on --flatten_buses=off --simulation=on --tool=modelsim_oem --format=verilog --output_directory=C:/Users/Blas/Desktop/integrador2/integrador/simulation/qsim/ Registros -c Registros
quartus_eda --gen_testbench --check_outputs=on --tool=modelsim_oem --format=verilog Registros -c Registros --vector_source=C:/Users/Blas/Desktop/integrador2/integrador/EstaAndaMejor.vwf --testbench_file=C:/Users/Blas/Desktop/integrador2/integrador/simulation/qsim/EstaAndaMejor.vwf.vt
quartus_eda --functional=on --flatten_buses=off --simulation=on --tool=modelsim_oem --format=verilog --output_directory=C:/Users/Blas/Desktop/integrador2/integrador/simulation/qsim/ Registros -c Registros
quartus_eda --gen_testbench --check_outputs=on --tool=modelsim_oem --format=verilog Registros -c Registros --vector_source=C:/Users/Blas/Desktop/integrador2/integrador/EstaAndaMejor.vwf --testbench_file=C:/Users/Blas/Desktop/integrador2/integrador/simulation/qsim/EstaAndaMejor.vwf.vt
quartus_eda --functional=on --flatten_buses=off --simulation=on --tool=modelsim_oem --format=verilog --output_directory=C:/Users/Blas/Desktop/integrador2/integrador/simulation/qsim/ Registros -c Registros
quartus_eda --gen_testbench --check_outputs=on --tool=modelsim_oem --format=verilog Registros -c Registros --vector_source=C:/Users/Blas/Desktop/integrador2/integrador/EstaAndaMejor.vwf --testbench_file=C:/Users/Blas/Desktop/integrador2/integrador/simulation/qsim/EstaAndaMejor.vwf.vt
quartus_eda --functional=on --flatten_buses=off --simulation=on --tool=modelsim_oem --format=verilog --output_directory=C:/Users/Blas/Desktop/integrador2/integrador/simulation/qsim/ Registros -c Registros
quartus_eda --gen_testbench --check_outputs=on --tool=modelsim_oem --format=verilog Registros -c Registros --vector_source=C:/Users/Blas/Desktop/integrador2/integrador/EstaAndaMejor.vwf --testbench_file=C:/Users/Blas/Desktop/integrador2/integrador/simulation/qsim/EstaAndaMejor.vwf.vt
quartus_eda --functional=on --flatten_buses=off --simulation=on --tool=modelsim_oem --format=verilog --output_directory=C:/Users/Blas/Desktop/integrador2/integrador/simulation/qsim/ Registros -c Registros
quartus_eda --gen_testbench --check_outputs=on --tool=modelsim_oem --format=verilog Registros -c Registros --vector_source=C:/Users/Blas/Desktop/integrador2/integrador/EstaAndaMejor.vwf --testbench_file=C:/Users/Blas/Desktop/integrador2/integrador/simulation/qsim/EstaAndaMejor.vwf.vt
quartus_eda --functional=on --flatten_buses=off --simulation=on --tool=modelsim_oem --format=verilog --output_directory=C:/Users/Blas/Desktop/integrador2/integrador/simulation/qsim/ Registros -c Registros
quartus_eda --gen_testbench --check_outputs=on --tool=modelsim_oem --format=verilog Registros -c Registros --vector_source=C:/Users/Blas/Desktop/integrador2/integrador/EstaAndaMejor.vwf --testbench_file=C:/Users/Blas/Desktop/integrador2/integrador/simulation/qsim/EstaAndaMejor.vwf.vt
quartus_eda --functional=on --flatten_buses=off --simulation=on --tool=modelsim_oem --format=verilog --output_directory=C:/Users/Blas/Desktop/integrador2/integrador/simulation/qsim/ Registros -c Registros
quartus_eda --gen_testbench --check_outputs=on --tool=modelsim_oem --format=verilog Registros -c Registros --vector_source=C:/Users/Blas/Desktop/integrador2/integrador/EstaAndaMejor.vwf --testbench_file=C:/Users/Blas/Desktop/integrador2/integrador/simulation/qsim/EstaAndaMejor.vwf.vt
quartus_eda --functional=on --flatten_buses=off --simulation=on --tool=modelsim_oem --format=verilog --output_directory=C:/Users/Blas/Desktop/integrador2/integrador/simulation/qsim/ Registros -c Registros
quartus_eda --gen_testbench --check_outputs=on --tool=modelsim_oem --format=verilog Registros -c Registros --vector_source=C:/Users/Blas/Desktop/integrador2/integrador/EstaAndaMejor.vwf --testbench_file=C:/Users/Blas/Desktop/integrador2/integrador/simulation/qsim/EstaAndaMejor.vwf.vt
quartus_eda --functional=off --flatten_buses=off --timescale=1ps --simulation=on --tool=modelsim_oem --format=verilog --output_directory=C:/Users/Blas/Desktop/integrador2/integrador/simulation/qsim/ Registros -c Registros



